2024-04-15T11:42:12.848+0900 [DEBUG] [org.gradle.launcher.daemon.bootstrap.DaemonMain] Assuming the daemon was started with following jvm opts: [--add-opens=java.base/java.util=ALL-UNNAMED, --add-opens=java.base/java.lang=ALL-UNNAMED, --add-opens=java.base/java.lang.invoke=ALL-UNNAMED, --add-opens=java.prefs/java.util.prefs=ALL-UNNAMED, --add-opens=java.base/java.nio.charset=ALL-UNNAMED, --add-opens=java.base/java.net=ALL-UNNAMED, --add-opens=java.base/java.util.concurrent.atomic=ALL-UNNAMED, -XX:MaxMetaspaceSize=384m, -XX:+HeapDumpOnOutOfMemoryError, -Xms256m, -Xmx512m, -Dfile.encoding=UTF-8, -Duser.country=KR, -Duser.language=ko, -Duser.variant]
2024-04-15T11:42:12.898+0900 [INFO] [org.gradle.launcher.daemon.server.Daemon] start() called on daemon - DefaultDaemonContext[uid=930a57ad-bb40-42de-8dfc-7eb0df5a029c,javaHome=/Users/shindaeyeong/Library/Java/JavaVirtualMachines/graalvm-jdk-17.0.10/Contents/Home,daemonRegistryDir=/Users/shindaeyeong/Documents/MacBook Pro_Documents/itty_4rd_project/itty-spring-backend/daemon,pid=10717,idleTimeout=10800000,priority=NORMAL,applyInstrumentationAgent=true,daemonOpts=--add-opens=java.base/java.util=ALL-UNNAMED,--add-opens=java.base/java.lang=ALL-UNNAMED,--add-opens=java.base/java.lang.invoke=ALL-UNNAMED,--add-opens=java.prefs/java.util.prefs=ALL-UNNAMED,--add-opens=java.base/java.nio.charset=ALL-UNNAMED,--add-opens=java.base/java.net=ALL-UNNAMED,--add-opens=java.base/java.util.concurrent.atomic=ALL-UNNAMED,-XX:MaxMetaspaceSize=384m,-XX:+HeapDumpOnOutOfMemoryError,-Xms256m,-Xmx512m,-Dfile.encoding=UTF-8,-Duser.country=KR,-Duser.language=ko,-Duser.variant]
2024-04-15T11:42:12.916+0900 [DEBUG] [org.gradle.internal.remote.internal.inet.InetAddresses] Adding IP addresses for network interface utun7
2024-04-15T11:42:12.916+0900 [DEBUG] [org.gradle.internal.remote.internal.inet.InetAddresses] Is this a loopback interface? false
2024-04-15T11:42:12.916+0900 [DEBUG] [org.gradle.internal.remote.internal.inet.InetAddresses] Adding remote address /fe80:0:0:0:3179:1226:37ba:6204%utun7
2024-04-15T11:42:12.916+0900 [DEBUG] [org.gradle.internal.remote.internal.inet.InetAddresses] Adding IP addresses for network interface utun6
2024-04-15T11:42:12.916+0900 [DEBUG] [org.gradle.internal.remote.internal.inet.InetAddresses] Is this a loopback interface? false
2024-04-15T11:42:12.917+0900 [DEBUG] [org.gradle.internal.remote.internal.inet.InetAddresses] Adding remote address /fe80:0:0:0:b06b:de5f:6f74:6fa0%utun6
2024-04-15T11:42:12.917+0900 [DEBUG] [org.gradle.internal.remote.internal.inet.InetAddresses] Adding IP addresses for network interface utun5
2024-04-15T11:42:12.917+0900 [DEBUG] [org.gradle.internal.remote.internal.inet.InetAddresses] Is this a loopback interface? false
2024-04-15T11:42:12.917+0900 [DEBUG] [org.gradle.internal.remote.internal.inet.InetAddresses] Adding remote address /fe80:0:0:0:913d:ba5f:3cd3:e846%utun5
2024-04-15T11:42:12.917+0900 [DEBUG] [org.gradle.internal.remote.internal.inet.InetAddresses] Adding IP addresses for network interface utun4
2024-04-15T11:42:12.917+0900 [DEBUG] [org.gradle.internal.remote.internal.inet.InetAddresses] Is this a loopback interface? false
2024-04-15T11:42:12.917+0900 [DEBUG] [org.gradle.internal.remote.internal.inet.InetAddresses] Adding remote address /fe80:0:0:0:25b4:6a67:7ff0:2fe2%utun4
2024-04-15T11:42:12.918+0900 [DEBUG] [org.gradle.internal.remote.internal.inet.InetAddresses] Adding IP addresses for network interface utun3
2024-04-15T11:42:12.918+0900 [DEBUG] [org.gradle.internal.remote.internal.inet.InetAddresses] Is this a loopback interface? false
2024-04-15T11:42:12.918+0900 [DEBUG] [org.gradle.internal.remote.internal.inet.InetAddresses] Adding remote address /fe80:0:0:0:ce81:b1c:bd2c:69e%utun3
2024-04-15T11:42:12.918+0900 [DEBUG] [org.gradle.internal.remote.internal.inet.InetAddresses] Adding IP addresses for network interface utun2
2024-04-15T11:42:12.918+0900 [DEBUG] [org.gradle.internal.remote.internal.inet.InetAddresses] Is this a loopback interface? false
2024-04-15T11:42:12.918+0900 [DEBUG] [org.gradle.internal.remote.internal.inet.InetAddresses] Adding remote address /fe80:0:0:0:d914:aa02:ef97:2640%utun2
2024-04-15T11:42:12.918+0900 [DEBUG] [org.gradle.internal.remote.internal.inet.InetAddresses] Adding IP addresses for network interface utun1
2024-04-15T11:42:12.918+0900 [DEBUG] [org.gradle.internal.remote.internal.inet.InetAddresses] Is this a loopback interface? false
2024-04-15T11:42:12.919+0900 [DEBUG] [org.gradle.internal.remote.internal.inet.InetAddresses] Adding remote address /fe80:0:0:0:a748:6fe0:2065:65e7%utun1
2024-04-15T11:42:12.919+0900 [DEBUG] [org.gradle.internal.remote.internal.inet.InetAddresses] Adding IP addresses for network interface utun0
2024-04-15T11:42:12.919+0900 [DEBUG] [org.gradle.internal.remote.internal.inet.InetAddresses] Is this a loopback interface? false
2024-04-15T11:42:12.919+0900 [DEBUG] [org.gradle.internal.remote.internal.inet.InetAddresses] Adding remote address /fe80:0:0:0:2f40:abfb:2cb1:8e13%utun0
2024-04-15T11:42:12.919+0900 [DEBUG] [org.gradle.internal.remote.internal.inet.InetAddresses] Adding IP addresses for network interface llw0
2024-04-15T11:42:12.919+0900 [DEBUG] [org.gradle.internal.remote.internal.inet.InetAddresses] Is this a loopback interface? false
2024-04-15T11:42:12.919+0900 [DEBUG] [org.gradle.internal.remote.internal.inet.InetAddresses] Adding remote address /fe80:0:0:0:b078:c8ff:fe88:f06a%llw0
2024-04-15T11:42:12.919+0900 [DEBUG] [org.gradle.internal.remote.internal.inet.InetAddresses] Adding IP addresses for network interface awdl0
2024-04-15T11:42:12.919+0900 [DEBUG] [org.gradle.internal.remote.internal.inet.InetAddresses] Is this a loopback interface? false
2024-04-15T11:42:12.919+0900 [DEBUG] [org.gradle.internal.remote.internal.inet.InetAddresses] Adding remote address /fe80:0:0:0:b078:c8ff:fe88:f06a%awdl0
2024-04-15T11:42:12.919+0900 [DEBUG] [org.gradle.internal.remote.internal.inet.InetAddresses] Adding IP addresses for network interface en0
2024-04-15T11:42:12.920+0900 [DEBUG] [org.gradle.internal.remote.internal.inet.InetAddresses] Is this a loopback interface? false
2024-04-15T11:42:12.920+0900 [DEBUG] [org.gradle.internal.remote.internal.inet.InetAddresses] Adding remote address /fe80:0:0:0:cf1:4e3e:d59d:2414%en0
2024-04-15T11:42:12.920+0900 [DEBUG] [org.gradle.internal.remote.internal.inet.InetAddresses] Adding remote address /192.168.0.66
2024-04-15T11:42:12.920+0900 [DEBUG] [org.gradle.internal.remote.internal.inet.InetAddresses] Adding IP addresses for network interface lo0
2024-04-15T11:42:12.920+0900 [DEBUG] [org.gradle.internal.remote.internal.inet.InetAddresses] Is this a loopback interface? true
2024-04-15T11:42:12.920+0900 [DEBUG] [org.gradle.internal.remote.internal.inet.InetAddresses] Ignoring remote address on loopback interface /fe80:0:0:0:0:0:0:1%lo0
2024-04-15T11:42:12.920+0900 [DEBUG] [org.gradle.internal.remote.internal.inet.InetAddresses] Adding loopback address /0:0:0:0:0:0:0:1%lo0
2024-04-15T11:42:12.920+0900 [DEBUG] [org.gradle.internal.remote.internal.inet.InetAddresses] Adding loopback address /127.0.0.1
2024-04-15T11:42:12.922+0900 [DEBUG] [org.gradle.internal.remote.internal.inet.TcpIncomingConnector] Listening on [470d6501-47db-4d66-ad71-d56db3abb337 port:59297, addresses:[localhost/127.0.0.1]].
2024-04-15T11:42:12.923+0900 [DEBUG] [org.gradle.launcher.daemon.server.Daemon] Daemon starting at: Mon Apr 15 11:42:12 KST 2024, with address: [470d6501-47db-4d66-ad71-d56db3abb337 port:59297, addresses:[localhost/127.0.0.1]]
2024-04-15T11:42:12.923+0900 [INFO] [org.gradle.launcher.daemon.server.DaemonRegistryUpdater] Advertising the daemon address to the clients: [470d6501-47db-4d66-ad71-d56db3abb337 port:59297, addresses:[localhost/127.0.0.1]]
2024-04-15T11:42:12.923+0900 [DEBUG] [org.gradle.launcher.daemon.server.DaemonRegistryUpdater] Advertised daemon context: DefaultDaemonContext[uid=930a57ad-bb40-42de-8dfc-7eb0df5a029c,javaHome=/Users/shindaeyeong/Library/Java/JavaVirtualMachines/graalvm-jdk-17.0.10/Contents/Home,daemonRegistryDir=/Users/shindaeyeong/Documents/MacBook Pro_Documents/itty_4rd_project/itty-spring-backend/daemon,pid=10717,idleTimeout=10800000,priority=NORMAL,applyInstrumentationAgent=true,daemonOpts=--add-opens=java.base/java.util=ALL-UNNAMED,--add-opens=java.base/java.lang=ALL-UNNAMED,--add-opens=java.base/java.lang.invoke=ALL-UNNAMED,--add-opens=java.prefs/java.util.prefs=ALL-UNNAMED,--add-opens=java.base/java.nio.charset=ALL-UNNAMED,--add-opens=java.base/java.net=ALL-UNNAMED,--add-opens=java.base/java.util.concurrent.atomic=ALL-UNNAMED,-XX:MaxMetaspaceSize=384m,-XX:+HeapDumpOnOutOfMemoryError,-Xms256m,-Xmx512m,-Dfile.encoding=UTF-8,-Duser.country=KR,-Duser.language=ko,-Duser.variant]
2024-04-15T11:42:12.923+0900 [DEBUG] [org.gradle.launcher.daemon.registry.PersistentDaemonRegistry] Storing daemon address: [470d6501-47db-4d66-ad71-d56db3abb337 port:59297, addresses:[localhost/127.0.0.1]], context: DefaultDaemonContext[uid=930a57ad-bb40-42de-8dfc-7eb0df5a029c,javaHome=/Users/shindaeyeong/Library/Java/JavaVirtualMachines/graalvm-jdk-17.0.10/Contents/Home,daemonRegistryDir=/Users/shindaeyeong/Documents/MacBook Pro_Documents/itty_4rd_project/itty-spring-backend/daemon,pid=10717,idleTimeout=10800000,priority=NORMAL,applyInstrumentationAgent=true,daemonOpts=--add-opens=java.base/java.util=ALL-UNNAMED,--add-opens=java.base/java.lang=ALL-UNNAMED,--add-opens=java.base/java.lang.invoke=ALL-UNNAMED,--add-opens=java.prefs/java.util.prefs=ALL-UNNAMED,--add-opens=java.base/java.nio.charset=ALL-UNNAMED,--add-opens=java.base/java.net=ALL-UNNAMED,--add-opens=java.base/java.util.concurrent.atomic=ALL-UNNAMED,-XX:MaxMetaspaceSize=384m,-XX:+HeapDumpOnOutOfMemoryError,-Xms256m,-Xmx512m,-Dfile.encoding=UTF-8,-Duser.country=KR,-Duser.language=ko,-Duser.variant]
2024-04-15T11:42:12.930+0900 [DEBUG] [org.gradle.cache.internal.DefaultFileLockManager] Waiting to acquire exclusive lock on daemon addresses registry.
2024-04-15T11:42:12.931+0900 [DEBUG] [org.gradle.cache.internal.DefaultFileLockManager] Lock acquired on daemon addresses registry.
2024-04-15T11:42:12.934+0900 [DEBUG] [org.gradle.cache.internal.DefaultFileLockManager] Releasing lock on daemon addresses registry.
2024-04-15T11:42:12.934+0900 [LIFECYCLE] [org.gradle.launcher.daemon.server.Daemon] Daemon server started.
2024-04-15T11:42:12.935+0900 [DEBUG] [org.gradle.launcher.daemon.bootstrap.DaemonStartupCommunication] Completed writing the daemon greeting. Closing streams...
2024-04-15T11:42:12.936+0900 [DEBUG] [org.gradle.launcher.daemon.server.Daemon] stopOnExpiration() called on daemon
2024-04-15T11:42:12.936+0900 [DEBUG] [org.gradle.launcher.daemon.server.Daemon] awaitExpiration() called on daemon
2024-04-15T11:42:12.937+0900 [DEBUG] [org.gradle.launcher.daemon.server.DaemonStateCoordinator] daemon is running. Sleeping until state changes.
2024-04-15T11:42:12.937+0900 [DEBUG] [org.gradle.internal.remote.internal.inet.TcpIncomingConnector] Accepted connection from /127.0.0.1:59298 to /127.0.0.1:59297.
2024-04-15T11:42:12.950+0900 [DEBUG] [org.gradle.launcher.daemon.server.SynchronizedDispatchConnection] thread 21: received class org.gradle.launcher.daemon.protocol.Build
2024-04-15T11:42:12.950+0900 [DEBUG] [org.gradle.launcher.daemon.server.DefaultDaemonConnection] thread 21: Received non-IO message from client: Build{id=8897428f-4c75-43c7-9dd9-4ce71de00d9b, currentDir=/Users/shindaeyeong/Documents/MacBook Pro_Documents/itty_4rd_project/itty-spring-backend}
2024-04-15T11:42:12.950+0900 [INFO] [org.gradle.launcher.daemon.server.DefaultIncomingConnectionHandler] Received command: Build{id=8897428f-4c75-43c7-9dd9-4ce71de00d9b, currentDir=/Users/shindaeyeong/Documents/MacBook Pro_Documents/itty_4rd_project/itty-spring-backend}.
2024-04-15T11:42:12.950+0900 [DEBUG] [org.gradle.launcher.daemon.server.DefaultIncomingConnectionHandler] Starting executing command: Build{id=8897428f-4c75-43c7-9dd9-4ce71de00d9b, currentDir=/Users/shindaeyeong/Documents/MacBook Pro_Documents/itty_4rd_project/itty-spring-backend} with connection: socket connection from /127.0.0.1:59297 to /127.0.0.1:59298.
2024-04-15T11:42:12.951+0900 [DEBUG] [org.gradle.launcher.daemon.server.DaemonStateCoordinator] Command execution: started DaemonCommandExecution[command = Build{id=8897428f-4c75-43c7-9dd9-4ce71de00d9b, currentDir=/Users/shindaeyeong/Documents/MacBook Pro_Documents/itty_4rd_project/itty-spring-backend}, connection = DefaultDaemonConnection: socket connection from /127.0.0.1:59297 to /127.0.0.1:59298] after 0.0 minutes of idle
2024-04-15T11:42:12.951+0900 [INFO] [org.gradle.launcher.daemon.server.DaemonRegistryUpdater] Marking the daemon as busy, address: [470d6501-47db-4d66-ad71-d56db3abb337 port:59297, addresses:[localhost/127.0.0.1]]
2024-04-15T11:42:12.951+0900 [DEBUG] [org.gradle.launcher.daemon.registry.PersistentDaemonRegistry] Marking busy by address: [470d6501-47db-4d66-ad71-d56db3abb337 port:59297, addresses:[localhost/127.0.0.1]]
2024-04-15T11:42:12.951+0900 [DEBUG] [org.gradle.cache.internal.DefaultFileLockManager] Waiting to acquire exclusive lock on daemon addresses registry.
2024-04-15T11:42:12.951+0900 [DEBUG] [org.gradle.cache.internal.DefaultFileLockManager] Lock acquired on daemon addresses registry.
2024-04-15T11:42:12.952+0900 [DEBUG] [org.gradle.cache.internal.DefaultFileLockManager] Releasing lock on daemon addresses registry.
2024-04-15T11:42:12.952+0900 [DEBUG] [org.gradle.launcher.daemon.server.DaemonStateCoordinator] resetting idle timer
2024-04-15T11:42:12.952+0900 [DEBUG] [org.gradle.launcher.daemon.server.DaemonStateCoordinator] daemon is running. Sleeping until state changes.
2024-04-15T11:42:12.952+0900 [INFO] [org.gradle.launcher.daemon.server.exec.StartBuildOrRespondWithBusy] Daemon is about to start building Build{id=8897428f-4c75-43c7-9dd9-4ce71de00d9b, currentDir=/Users/shindaeyeong/Documents/MacBook Pro_Documents/itty_4rd_project/itty-spring-backend}. Dispatching build started information...
2024-04-15T11:42:12.952+0900 [DEBUG] [org.gradle.launcher.daemon.server.SynchronizedDispatchConnection] thread 23: dispatching org.gradle.launcher.daemon.protocol.BuildStarted@2d19cedc
2024-04-15T11:42:12.953+0900 [DEBUG] [org.gradle.launcher.daemon.server.exec.EstablishBuildEnvironment] Configuring env variables: [PATH, MANPATH, HOMEBREW_PREFIX, COMMAND_MODE, LOGNAME, HOMEBREW_REPOSITORY, XPC_SERVICE_NAME, INFOPATH, __CFBundleIdentifier, SHELL, PAGER, LSCOLORS, OLDPWD, HOMEBREW_CELLAR, USER, ZSH, TMPDIR, SSH_AUTH_SOCK, XPC_FLAGS, __CF_USER_TEXT_ENCODING, LESS, LC_CTYPE, LS_COLORS, IDEA_INITIAL_DIRECTORY, HOME]
2024-04-15T11:42:12.954+0900 [DEBUG] [org.gradle.launcher.daemon.server.exec.LogToClient] About to start relaying all logs to the client via the connection.
2024-04-15T11:42:12.954+0900 [INFO] [org.gradle.launcher.daemon.server.exec.LogToClient] The client will now receive all logging from the daemon (pid: 10717). The daemon log file: /Users/shindaeyeong/Documents/MacBook Pro_Documents/itty_4rd_project/itty-spring-backend/daemon/8.7/daemon-10717.out.log
2024-04-15T11:42:12.955+0900 [INFO] [org.gradle.launcher.daemon.server.exec.LogAndCheckHealth] Starting build in new daemon [memory: 512 MiB]
2024-04-15T11:42:12.956+0900 [DEBUG] [org.gradle.launcher.daemon.server.exec.ExecuteBuild] The daemon has started executing the build.
2024-04-15T11:42:12.956+0900 [DEBUG] [org.gradle.launcher.daemon.server.exec.ExecuteBuild] Executing build with daemon context: DefaultDaemonContext[uid=930a57ad-bb40-42de-8dfc-7eb0df5a029c,javaHome=/Users/shindaeyeong/Library/Java/JavaVirtualMachines/graalvm-jdk-17.0.10/Contents/Home,daemonRegistryDir=/Users/shindaeyeong/Documents/MacBook Pro_Documents/itty_4rd_project/itty-spring-backend/daemon,pid=10717,idleTimeout=10800000,priority=NORMAL,applyInstrumentationAgent=true,daemonOpts=--add-opens=java.base/java.util=ALL-UNNAMED,--add-opens=java.base/java.lang=ALL-UNNAMED,--add-opens=java.base/java.lang.invoke=ALL-UNNAMED,--add-opens=java.prefs/java.util.prefs=ALL-UNNAMED,--add-opens=java.base/java.nio.charset=ALL-UNNAMED,--add-opens=java.base/java.net=ALL-UNNAMED,--add-opens=java.base/java.util.concurrent.atomic=ALL-UNNAMED,-XX:MaxMetaspaceSize=384m,-XX:+HeapDumpOnOutOfMemoryError,-Xms256m,-Xmx512m,-Dfile.encoding=UTF-8,-Duser.country=KR,-Duser.language=ko,-Duser.variant]

BUILD SUCCESSFUL in 3s
2 actionable tasks: 1 executed, 1 up-to-date
2024-04-15T11:42:15.837+0900 [DEBUG] [org.gradle.launcher.daemon.server.exec.ExecuteBuild] The daemon has finished executing the build.
2024-04-15T11:42:15.849+0900 [DEBUG] [org.gradle.launcher.daemon.server.DaemonStateCoordinator] daemon is running. Sleeping until state changes.
2024-04-15T11:42:15.849+0900 [DEBUG] [org.gradle.launcher.daemon.server.DaemonStateCoordinator] Command execution: finished waiting for DaemonCommandExecution[command = Build{id=8897428f-4c75-43c7-9dd9-4ce71de00d9b, currentDir=/Users/shindaeyeong/Documents/MacBook Pro_Documents/itty_4rd_project/itty-spring-backend}, connection = DefaultDaemonConnection: socket connection from /127.0.0.1:59297 to /127.0.0.1:59298]. Result org.gradle.launcher.daemon.server.DaemonStateCoordinator@6edbde4f with state Busy
2024-04-15T11:42:15.849+0900 [DEBUG] [org.gradle.launcher.daemon.server.DaemonStateCoordinator] Command execution: completed DaemonCommandExecution[command = Build{id=8897428f-4c75-43c7-9dd9-4ce71de00d9b, currentDir=/Users/shindaeyeong/Documents/MacBook Pro_Documents/itty_4rd_project/itty-spring-backend}, connection = DefaultDaemonConnection: socket connection from /127.0.0.1:59297 to /127.0.0.1:59298]
2024-04-15T11:42:15.850+0900 [DEBUG] [org.gradle.launcher.daemon.server.DaemonStateCoordinator] resetting idle timer
2024-04-15T11:42:15.850+0900 [INFO] [org.gradle.launcher.daemon.server.DaemonRegistryUpdater] Marking the daemon as idle, address: [470d6501-47db-4d66-ad71-d56db3abb337 port:59297, addresses:[localhost/127.0.0.1]]
2024-04-15T11:42:15.850+0900 [DEBUG] [org.gradle.launcher.daemon.registry.PersistentDaemonRegistry] Marking busy by address: [470d6501-47db-4d66-ad71-d56db3abb337 port:59297, addresses:[localhost/127.0.0.1]]
2024-04-15T11:42:15.850+0900 [DEBUG] [org.gradle.cache.internal.DefaultFileLockManager] Waiting to acquire exclusive lock on daemon addresses registry.
2024-04-15T11:42:15.850+0900 [DEBUG] [org.gradle.cache.internal.DefaultFileLockManager] Lock acquired on daemon addresses registry.
2024-04-15T11:42:15.851+0900 [DEBUG] [org.gradle.cache.internal.DefaultFileLockManager] Releasing lock on daemon addresses registry.
2024-04-15T11:42:15.851+0900 [DEBUG] [org.gradle.launcher.daemon.server.DaemonStateCoordinator] daemon is running. Sleeping until state changes.
2024-04-15T11:42:15.851+0900 [DEBUG] [org.gradle.launcher.daemon.server.exec.ReturnResult] Daemon is dispatching the build result: Success[value=org.gradle.launcher.exec.BuildActionResult@203f1e7f]
2024-04-15T11:42:15.851+0900 [DEBUG] [org.gradle.launcher.daemon.server.SynchronizedDispatchConnection] thread 20: dispatching Success[value=org.gradle.launcher.exec.BuildActionResult@203f1e7f]
2024-04-15T11:42:15.852+0900 [DEBUG] [org.gradle.launcher.daemon.server.SynchronizedDispatchConnection] thread 21: received class org.gradle.launcher.daemon.protocol.CloseInput
2024-04-15T11:42:15.852+0900 [DEBUG] [org.gradle.launcher.daemon.server.DefaultDaemonConnection] thread 21: Received IO message from client: org.gradle.launcher.daemon.protocol.CloseInput@6009ffa8
2024-04-15T11:42:15.852+0900 [DEBUG] [org.gradle.launcher.daemon.server.exec.CleanUpVirtualFileSystemAfterBuild] Cleaning virtual file system after build finished
2024-04-15T11:42:15.852+0900 [DEBUG] [org.gradle.launcher.daemon.server.SynchronizedDispatchConnection] thread 21: received class org.gradle.launcher.daemon.protocol.Finished
2024-04-15T11:42:15.852+0900 [DEBUG] [org.gradle.launcher.daemon.server.DefaultDaemonConnection] thread 21: Received non-IO message from client: org.gradle.launcher.daemon.protocol.Finished@4a00f893
2024-04-15T11:42:15.852+0900 [DEBUG] [org.gradle.launcher.daemon.server.DefaultIncomingConnectionHandler] Finishing executing command: Build{id=8897428f-4c75-43c7-9dd9-4ce71de00d9b, currentDir=/Users/shindaeyeong/Documents/MacBook Pro_Documents/itty_4rd_project/itty-spring-backend}
2024-04-15T11:42:15.853+0900 [DEBUG] [org.gradle.launcher.daemon.server.DefaultIncomingConnectionHandler] Received finished message: org.gradle.launcher.daemon.protocol.Finished@4a00f893
2024-04-15T11:42:15.853+0900 [DEBUG] [org.gradle.launcher.daemon.server.SynchronizedDispatchConnection] thread 20: stopping connection
2024-04-15T11:42:15.853+0900 [DEBUG] [org.gradle.internal.remote.internal.inet.SocketConnection] Discarding EOFException: java.io.EOFException
2024-04-15T11:42:15.853+0900 [DEBUG] [org.gradle.launcher.daemon.server.SynchronizedDispatchConnection] thread 21: received null
2024-04-15T11:42:15.853+0900 [DEBUG] [org.gradle.launcher.daemon.server.DefaultDaemonConnection] thread 21: Received end-of-input from client.
2024-04-15T11:42:15.856+0900 [DEBUG] [org.gradle.launcher.daemon.server.SynchronizedDispatchConnection] thread 20: stopping connection
2024-04-15T11:42:15.861+0900 [DEBUG] [org.gradle.internal.watch.vfs.impl.WatchingVirtualFileSystem] Handling VFS change MODIFIED /Users/shindaeyeong/Documents/MacBook Pro_Documents/itty_4rd_project/itty-spring-backend/build/classes/java/main/org/iot/itty/article/controller/ArticleController.class
2024-04-15T11:42:16.285+0900 [DEBUG] [org.gradle.internal.watch.vfs.impl.WatchingVirtualFileSystem] Handling VFS change MODIFIED /Users/shindaeyeong/Documents/MacBook Pro_Documents/itty_4rd_project/itty-spring-backend/build/classes/java/main/org/iot/itty/article/vo/RequestRegistFreeBoardArticle.class
2024-04-15T11:42:16.285+0900 [DEBUG] [org.gradle.internal.watch.vfs.impl.WatchingVirtualFileSystem] Handling VFS change MODIFIED /Users/shindaeyeong/Documents/MacBook Pro_Documents/itty_4rd_project/itty-spring-backend/build/classes/java/main/org/iot/itty/article/vo/RequestModifyFreeBoardArticle.class
